<?xml version="1.0" encoding="UTF-8"?>
<!-- Generated by org.testng.reporters.JUnitXMLReporter -->
<testsuite hostname="LIN16007873" ignored="0" name="Test" tests="3" failures="1" timestamp="31 Mar 2021 07:39:14 GMT" time="95.66" errors="0">
  <testcase name="Login" time="27.024" classname="testCases.Test_script_test1"/>
  <testcase name="Login" time="6.096" classname="testCases.Test_script_test1"/>
  <testcase name="validateElements" time="2.147" classname="testCases.Test_script_Test2">
    <failure type="java.lang.AssertionError" message="expected [info@qaclickacademy.coms] but found [info@qaclickacademy.com]">
      <![CDATA[java.lang.AssertionError: expected [info@qaclickacademy.coms] but found [info@qaclickacademy.com]
at testCases.Test_script_Test2.validateElements(Test_script_Test2.java:29)
... Removed 31 stack frames]]>
    </failure>
  </testcase> <!-- validateElements -->
</testsuite> <!-- Test -->
