<?xml version="1.0" encoding="UTF-8"?>
<testng-results skipped="0" failed="1" ignored="0" total="3" passed="2">
  <reporter-output>
  </reporter-output>
  <suite name="Suite" duration-ms="95660" started-at="2021-03-31T07:37:39Z" finished-at="2021-03-31T07:39:14Z">
    <groups>
    </groups>
    <test name="Test" duration-ms="95660" started-at="2021-03-31T07:37:39Z" finished-at="2021-03-31T07:39:14Z">
      <class name="testCases.Test_script_test1">
        <test-method status="PASS" signature="initializeBrowser()[pri:0, instance:testCases.Test_script_test1@5a59ca5e]" name="initializeBrowser" is-config="true" duration-ms="14411" started-at="2021-03-31T07:37:39Z" finished-at="2021-03-31T07:37:53Z">
          <reporter-output>
          </reporter-output>
        </test-method> <!-- initializeBrowser -->
        <test-method status="PASS" signature="Login(java.lang.String, java.lang.String)[pri:0, instance:testCases.Test_script_test1@5a59ca5e]" name="Login" duration-ms="27024" started-at="2021-03-31T07:37:53Z" data-provider="credentials" finished-at="2021-03-31T07:38:20Z">
          <params>
            <param index="0">
              <value>
                <![CDATA[kumarshubham2994@gmail.com]]>
              </value>
            </param>
            <param index="1">
              <value>
                <![CDATA[Shubham@4u]]>
              </value>
            </param>
          </params>
          <reporter-output>
          </reporter-output>
        </test-method> <!-- Login -->
        <test-method status="PASS" signature="teardown()[pri:0, instance:testCases.Test_script_test1@5a59ca5e]" name="teardown" is-config="true" duration-ms="566" started-at="2021-03-31T07:38:20Z" finished-at="2021-03-31T07:38:21Z">
          <reporter-output>
          </reporter-output>
        </test-method> <!-- teardown -->
        <test-method status="PASS" signature="initializeBrowser()[pri:0, instance:testCases.Test_script_test1@5a59ca5e]" name="initializeBrowser" is-config="true" duration-ms="25352" started-at="2021-03-31T07:38:21Z" finished-at="2021-03-31T07:38:46Z">
          <reporter-output>
          </reporter-output>
        </test-method> <!-- initializeBrowser -->
        <test-method status="PASS" signature="Login(java.lang.String, java.lang.String)[pri:0, instance:testCases.Test_script_test1@5a59ca5e]" name="Login" duration-ms="6096" started-at="2021-03-31T07:38:46Z" data-provider="credentials" finished-at="2021-03-31T07:38:52Z">
          <params>
            <param index="0">
              <value>
                <![CDATA[kumarshubham143@gmail.com]]>
              </value>
            </param>
            <param index="1">
              <value>
                <![CDATA[Loveisevol@4u]]>
              </value>
            </param>
          </params>
          <reporter-output>
          </reporter-output>
        </test-method> <!-- Login -->
        <test-method status="PASS" signature="teardown()[pri:0, instance:testCases.Test_script_test1@5a59ca5e]" name="teardown" is-config="true" duration-ms="5605" started-at="2021-03-31T07:38:52Z" finished-at="2021-03-31T07:38:58Z">
          <reporter-output>
          </reporter-output>
        </test-method> <!-- teardown -->
      </class> <!-- testCases.Test_script_test1 -->
      <class name="testCases.Test_script_Test2">
        <test-method status="PASS" signature="initializeBrowser()[pri:0, instance:testCases.Test_script_Test2@4bdeaabb]" name="initializeBrowser" is-config="true" duration-ms="12906" started-at="2021-03-31T07:38:58Z" finished-at="2021-03-31T07:39:11Z">
          <reporter-output>
          </reporter-output>
        </test-method> <!-- initializeBrowser -->
        <test-method status="FAIL" signature="validateElements()[pri:0, instance:testCases.Test_script_Test2@4bdeaabb]" name="validateElements" duration-ms="2147" started-at="2021-03-31T07:39:11Z" finished-at="2021-03-31T07:39:13Z">
          <exception class="java.lang.AssertionError">
            <message>
              <![CDATA[expected [info@qaclickacademy.coms] but found [info@qaclickacademy.com]]]>
            </message>
            <full-stacktrace>
              <![CDATA[java.lang.AssertionError: expected [info@qaclickacademy.coms] but found [info@qaclickacademy.com]
at org.testng.Assert.fail(Assert.java:96)
at org.testng.Assert.failNotEquals(Assert.java:776)
at org.testng.Assert.assertEqualsImpl(Assert.java:137)
at org.testng.Assert.assertEquals(Assert.java:118)
at org.testng.Assert.assertEquals(Assert.java:453)
at org.testng.Assert.assertEquals(Assert.java:463)
at testCases.Test_script_Test2.validateElements(Test_script_Test2.java:29)
at sun.reflect.NativeMethodAccessorImpl.invoke0(Native Method)
at sun.reflect.NativeMethodAccessorImpl.invoke(NativeMethodAccessorImpl.java:62)
at sun.reflect.DelegatingMethodAccessorImpl.invoke(DelegatingMethodAccessorImpl.java:43)
at java.lang.reflect.Method.invoke(Method.java:498)
at org.testng.internal.MethodInvocationHelper.invokeMethod(MethodInvocationHelper.java:124)
at org.testng.internal.Invoker.invokeMethod(Invoker.java:583)
at org.testng.internal.Invoker.invokeTestMethod(Invoker.java:719)
at org.testng.internal.Invoker.invokeTestMethods(Invoker.java:989)
at org.testng.internal.TestMethodWorker.invokeTestMethods(TestMethodWorker.java:125)
at org.testng.internal.TestMethodWorker.run(TestMethodWorker.java:109)
at org.testng.TestRunner.privateRun(TestRunner.java:648)
at org.testng.TestRunner.run(TestRunner.java:505)
at org.testng.SuiteRunner.runTest(SuiteRunner.java:455)
at org.testng.SuiteRunner.runSequentially(SuiteRunner.java:450)
at org.testng.SuiteRunner.privateRun(SuiteRunner.java:415)
at org.testng.SuiteRunner.run(SuiteRunner.java:364)
at org.testng.SuiteRunnerWorker.runSuite(SuiteRunnerWorker.java:52)
at org.testng.SuiteRunnerWorker.run(SuiteRunnerWorker.java:84)
at org.testng.TestNG.runSuitesSequentially(TestNG.java:1208)
at org.testng.TestNG.runSuitesLocally(TestNG.java:1137)
at org.testng.TestNG.runSuites(TestNG.java:1049)
at org.testng.TestNG.run(TestNG.java:1017)
at org.testng.remote.AbstractRemoteTestNG.run(AbstractRemoteTestNG.java:132)
at org.testng.remote.RemoteTestNG.initAndRun(RemoteTestNG.java:230)
at org.testng.remote.RemoteTestNG.main(RemoteTestNG.java:76)
]]>
            </full-stacktrace>
          </exception> <!-- java.lang.AssertionError -->
          <reporter-output>
          </reporter-output>
        </test-method> <!-- validateElements -->
        <test-method status="PASS" signature="teardown()[pri:0, instance:testCases.Test_script_Test2@4bdeaabb]" name="teardown" is-config="true" duration-ms="351" started-at="2021-03-31T07:39:14Z" finished-at="2021-03-31T07:39:14Z">
          <reporter-output>
          </reporter-output>
        </test-method> <!-- teardown -->
      </class> <!-- testCases.Test_script_Test2 -->
    </test> <!-- Test -->
  </suite> <!-- Suite -->
</testng-results>
